<?xml version="1.0" encoding="UTF-8"?>
<!-- Generated by org.testng.reporters.JUnitXMLReporter -->
<testsuite ignored="0" hostname="LIN51015218" failures="0" tests="4" name="Default test" time="28.175" errors="0" timestamp="2025-07-02T01:18:29 IST">
  <testcase classname="tests.demoFormTest" name="verifyHomePageTitle" time="15.4"/>
  <testcase classname="tests.demoFormTest" name="verifyNaviagationToWatchDemoPage" time="4.366"/>
  <testcase classname="tests.demoFormTest" name="verifyTooltipIsDisplayedForInvalidPhone" time="0.702"/>
  <testcase classname="tests.demoFormTest" name="verifyDropdownOptionSelectionInDropdown" time="0.233"/>
</testsuite> <!-- Default test -->
