<?xml version="1.0" encoding="UTF-8"?>
<testng-results ignored="0" total="2" passed="2" failed="0" skipped="0">
  <reporter-output>
  </reporter-output>
  <suite started-at="2025-07-01T20:31:47 IST" name="Default suite" finished-at="2025-07-01T20:32:31 IST" duration-ms="43707">
    <groups>
    </groups>
    <test started-at="2025-07-01T20:31:47 IST" name="Default test" finished-at="2025-07-01T20:32:31 IST" duration-ms="43707">
      <class name="tests.demoFormTest">
        <test-method is-config="true" signature="setup()[pri:0, instance:tests.demoFormTest@3fc2959f]" started-at="2025-07-01T20:31:47 IST" name="setup" finished-at="2025-07-01T20:31:51 IST" duration-ms="3308" status="PASS">
          <reporter-output>
          </reporter-output>
        </test-method> <!-- setup -->
        <test-method signature="verifyHomePageTitle()[pri:1, instance:tests.demoFormTest@3fc2959f]" started-at="2025-07-01T20:31:51 IST" name="verifyHomePageTitle" finished-at="2025-07-01T20:32:15 IST" duration-ms="24289" status="PASS">
          <reporter-output>
          </reporter-output>
        </test-method> <!-- verifyHomePageTitle -->
        <test-method signature="navigationToWatchDemoPage()[pri:0, instance:tests.demoFormTest@3fc2959f]" started-at="2025-07-01T20:32:15 IST" name="navigationToWatchDemoPage" finished-at="2025-07-01T20:32:30 IST" depends-on-methods="tests.demoFormTest.verifyHomePageTitle" duration-ms="14386" status="PASS">
          <reporter-output>
          </reporter-output>
        </test-method> <!-- navigationToWatchDemoPage -->
        <test-method is-config="true" signature="tearDown()[pri:0, instance:tests.demoFormTest@3fc2959f]" started-at="2025-07-01T20:32:30 IST" name="tearDown" finished-at="2025-07-01T20:32:31 IST" duration-ms="1599" status="PASS">
          <reporter-output>
          </reporter-output>
        </test-method> <!-- tearDown -->
      </class> <!-- tests.demoFormTest -->
    </test> <!-- Default test -->
  </suite> <!-- Default suite -->
</testng-results>
